<?xml version="1.0" encoding="UTF-8"?>
<testsuite name="SimpleCalculatorTest" tests="2" skipped="0" failures="0" errors="0" timestamp="2021-06-04T09:15:42" hostname="LAPTOP-I8IUMH5I" time="0.022">
  <properties/>
  <testcase name="testSum()" classname="SimpleCalculatorTest" time="0.021"/>
  <testcase name="testSubtract()" classname="SimpleCalculatorTest" time="0.0"/>
  <system-out><![CDATA[]]></system-out>
  <system-err><![CDATA[]]></system-err>
</testsuite>
